<?xml version="1.0" encoding="UTF-8"?>
<coverage generated="1588553176259" clover="3.2.0">
  <project timestamp="1588553176259" name="All files">
    <metrics statements="66" coveredstatements="42" conditionals="0" coveredconditionals="0" methods="19" coveredmethods="5" elements="85" coveredelements="47" complexity="0" loc="66" ncloc="66" packages="5" files="10" classes="10"/>
    <package name="src">
      <metrics statements="7" coveredstatements="7" conditionals="0" coveredconditionals="0" methods="0" coveredmethods="0"/>
      <file name="app.js" path="/Users/antoniomesquita/tools-s3/backend/src/app.js">
        <metrics statements="7" coveredstatements="7" conditionals="0" coveredconditionals="0" methods="0" coveredmethods="0"/>
        <line num="1" count="1" type="stmt"/>
        <line num="2" count="1" type="stmt"/>
        <line num="3" count="1" type="stmt"/>
        <line num="5" count="1" type="stmt"/>
        <line num="7" count="1" type="stmt"/>
        <line num="12" count="1" type="stmt"/>
        <line num="18" count="1" type="stmt"/>
      </file>
    </package>
    <package name="src.graphql">
      <metrics statements="13" coveredstatements="13" conditionals="0" coveredconditionals="0" methods="0" coveredmethods="0"/>
      <file name="resolver.js" path="/Users/antoniomesquita/tools-s3/backend/src/graphql/resolver.js">
        <metrics statements="5" coveredstatements="5" conditionals="0" coveredconditionals="0" methods="0" coveredmethods="0"/>
        <line num="3" count="1" type="stmt"/>
        <line num="4" count="1" type="stmt"/>
        <line num="6" count="1" type="stmt"/>
        <line num="13" count="1" type="stmt"/>
        <line num="20" count="1" type="stmt"/>
      </file>
      <file name="schema.js" path="/Users/antoniomesquita/tools-s3/backend/src/graphql/schema.js">
        <metrics statements="5" coveredstatements="5" conditionals="0" coveredconditionals="0" methods="0" coveredmethods="0"/>
        <line num="1" count="1" type="stmt"/>
        <line num="2" count="1" type="stmt"/>
        <line num="3" count="1" type="stmt"/>
        <line num="5" count="1" type="stmt"/>
        <line num="10" count="1" type="stmt"/>
      </file>
      <file name="type.js" path="/Users/antoniomesquita/tools-s3/backend/src/graphql/type.js">
        <metrics statements="3" coveredstatements="3" conditionals="0" coveredconditionals="0" methods="0" coveredmethods="0"/>
        <line num="1" count="1" type="stmt"/>
        <line num="2" count="1" type="stmt"/>
        <line num="4" count="1" type="stmt"/>
      </file>
    </package>
    <package name="src.graphql.author">
      <metrics statements="16" coveredstatements="11" conditionals="0" coveredconditionals="0" methods="8" coveredmethods="5"/>
      <file name="resolver.js" path="/Users/antoniomesquita/tools-s3/backend/src/graphql/author/resolver.js">
        <metrics statements="14" coveredstatements="9" conditionals="0" coveredconditionals="0" methods="8" coveredmethods="5"/>
        <line num="1" count="1" type="stmt"/>
        <line num="3" count="1" type="stmt"/>
        <line num="5" count="0" type="stmt"/>
        <line num="6" count="3" type="stmt"/>
        <line num="7" count="3" type="stmt"/>
        <line num="8" count="3" type="stmt"/>
        <line num="12" count="1" type="stmt"/>
        <line num="13" count="1" type="stmt"/>
        <line num="18" count="2" type="stmt"/>
        <line num="19" count="2" type="stmt"/>
        <line num="22" count="0" type="stmt"/>
        <line num="23" count="0" type="stmt"/>
        <line num="24" count="0" type="stmt"/>
        <line num="27" count="0" type="stmt"/>
      </file>
      <file name="type.js" path="/Users/antoniomesquita/tools-s3/backend/src/graphql/author/type.js">
        <metrics statements="2" coveredstatements="2" conditionals="0" coveredconditionals="0" methods="0" coveredmethods="0"/>
        <line num="1" count="1" type="stmt"/>
        <line num="3" count="1" type="stmt"/>
      </file>
    </package>
    <package name="src.graphql.repository">
      <metrics statements="24" coveredstatements="5" conditionals="0" coveredconditionals="0" methods="11" coveredmethods="0"/>
      <file name="resolver.js" path="/Users/antoniomesquita/tools-s3/backend/src/graphql/repository/resolver.js">
        <metrics statements="22" coveredstatements="3" conditionals="0" coveredconditionals="0" methods="11" coveredmethods="0"/>
        <line num="1" count="1" type="stmt"/>
        <line num="2" count="1" type="stmt"/>
        <line num="4" count="1" type="stmt"/>
        <line num="6" count="0" type="stmt"/>
        <line num="7" count="0" type="stmt"/>
        <line num="8" count="0" type="stmt"/>
        <line num="9" count="0" type="stmt"/>
        <line num="10" count="0" type="stmt"/>
        <line num="11" count="0" type="stmt"/>
        <line num="12" count="0" type="stmt"/>
        <line num="16" count="0" type="stmt"/>
        <line num="17" count="0" type="stmt"/>
        <line num="22" count="0" type="stmt"/>
        <line num="23" count="0" type="stmt"/>
        <line num="24" count="0" type="stmt"/>
        <line num="25" count="0" type="stmt"/>
        <line num="26" count="0" type="stmt"/>
        <line num="27" count="0" type="stmt"/>
        <line num="30" count="0" type="stmt"/>
        <line num="31" count="0" type="stmt"/>
        <line num="32" count="0" type="stmt"/>
        <line num="35" count="0" type="stmt"/>
      </file>
      <file name="type.js" path="/Users/antoniomesquita/tools-s3/backend/src/graphql/repository/type.js">
        <metrics statements="2" coveredstatements="2" conditionals="0" coveredconditionals="0" methods="0" coveredmethods="0"/>
        <line num="1" count="1" type="stmt"/>
        <line num="3" count="1" type="stmt"/>
      </file>
    </package>
    <package name="src.models">
      <metrics statements="6" coveredstatements="6" conditionals="0" coveredconditionals="0" methods="0" coveredmethods="0"/>
      <file name="author.js" path="/Users/antoniomesquita/tools-s3/backend/src/models/author.js">
        <metrics statements="3" coveredstatements="3" conditionals="0" coveredconditionals="0" methods="0" coveredmethods="0"/>
        <line num="1" count="1" type="stmt"/>
        <line num="3" count="1" type="stmt"/>
        <line num="23" count="1" type="stmt"/>
      </file>
      <file name="repositories.js" path="/Users/antoniomesquita/tools-s3/backend/src/models/repositories.js">
        <metrics statements="3" coveredstatements="3" conditionals="0" coveredconditionals="0" methods="0" coveredmethods="0"/>
        <line num="1" count="1" type="stmt"/>
        <line num="3" count="1" type="stmt"/>
        <line num="32" count="1" type="stmt"/>
      </file>
    </package>
  </project>
</coverage>
